2022/06/26 13:00:58 [emerg] 1#1: host not found in upstream "app" in /etc/nginx/conf.d/default.conf:25
2022/06/26 13:06:57 [notice] 1#1: using the "epoll" event method
2022/06/26 13:06:57 [notice] 1#1: nginx/1.20.2
2022/06/26 13:06:57 [notice] 1#1: built by gcc 10.3.1 20210424 (Alpine 10.3.1_git20210424) 
2022/06/26 13:06:57 [notice] 1#1: OS: Linux 5.10.104-linuxkit
2022/06/26 13:06:57 [notice] 1#1: getrlimit(RLIMIT_NOFILE): 1048576:1048576
2022/06/26 13:06:57 [notice] 1#1: start worker processes
2022/06/26 13:06:57 [notice] 1#1: start worker process 32
2022/06/26 13:06:57 [notice] 1#1: start worker process 33
2022/06/26 13:06:57 [notice] 1#1: start worker process 34
2022/06/26 13:06:57 [notice] 1#1: start worker process 35
2022/06/26 13:08:01 [error] 32#32: *2 FastCGI sent in stderr: "PHP message: PHP Warning:  require(/data/public/../vendor/autoload.php): Failed to open stream: No such file or directory in /data/public/index.php on line 34" while reading response header from upstream, client: 172.23.0.1, server: localhost, request: "GET / HTTP/1.1", upstream: "fastcgi://172.23.0.2:9000", host: "localhost:8000"
2022/06/26 13:08:01 [error] 32#32: *2 FastCGI sent in stderr: "PHP message: PHP Fatal error:  Uncaught Error: Failed opening required '/data/public/../vendor/autoload.php' (include_path='.:/usr/local/lib/php') in /data/public/index.php:34
Stack trace:
#0 {main}
  thrown in /data/public/index.php on line 34" while reading upstream, client: 172.23.0.1, server: localhost, request: "GET / HTTP/1.1", upstream: "fastcgi://172.23.0.2:9000", host: "localhost:8000"
2022/06/26 13:08:45 [error] 32#32: *2 FastCGI sent in stderr: "PHP message: PHP Warning:  require(/data/public/../vendor/autoload.php): Failed to open stream: No such file or directory in /data/public/index.php on line 34" while reading response header from upstream, client: 172.23.0.1, server: localhost, request: "GET /index.html HTTP/1.1", upstream: "fastcgi://172.23.0.2:9000", host: "localhost:8000"
2022/06/26 13:08:45 [error] 32#32: *2 FastCGI sent in stderr: "PHP message: PHP Fatal error:  Uncaught Error: Failed opening required '/data/public/../vendor/autoload.php' (include_path='.:/usr/local/lib/php') in /data/public/index.php:34
Stack trace:
#0 {main}
  thrown in /data/public/index.php on line 34" while reading upstream, client: 172.23.0.1, server: localhost, request: "GET /index.html HTTP/1.1", upstream: "fastcgi://172.23.0.2:9000", host: "localhost:8000"
2022/06/26 13:15:04 [error] 32#32: *5 FastCGI sent in stderr: "PHP message: PHP Warning:  require(/data/public/../vendor/autoload.php): Failed to open stream: No such file or directory in /data/public/index.php on line 34" while reading response header from upstream, client: 172.23.0.1, server: localhost, request: "GET / HTTP/1.1", upstream: "fastcgi://172.23.0.2:9000", host: "localhost:8000"
2022/06/26 13:15:04 [error] 32#32: *5 FastCGI sent in stderr: "PHP message: PHP Fatal error:  Uncaught Error: Failed opening required '/data/public/../vendor/autoload.php' (include_path='.:/usr/local/lib/php') in /data/public/index.php:34
Stack trace:
#0 {main}
  thrown in /data/public/index.php on line 34" while reading upstream, client: 172.23.0.1, server: localhost, request: "GET / HTTP/1.1", upstream: "fastcgi://172.23.0.2:9000", host: "localhost:8000"
2022/06/26 13:18:26 [error] 32#32: *8 FastCGI sent in stderr: "PHP message: PHP Warning:  require(/data/public/../vendor/autoload.php): Failed to open stream: No such file or directory in /data/public/index.php on line 34" while reading response header from upstream, client: 172.23.0.1, server: localhost, request: "GET / HTTP/1.1", upstream: "fastcgi://172.23.0.2:9000", host: "localhost:8000"
2022/06/26 13:18:26 [error] 32#32: *8 FastCGI sent in stderr: "PHP message: PHP Fatal error:  Uncaught Error: Failed opening required '/data/public/../vendor/autoload.php' (include_path='.:/usr/local/lib/php') in /data/public/index.php:34
Stack trace:
#0 {main}
  thrown in /data/public/index.php on line 34" while reading upstream, client: 172.23.0.1, server: localhost, request: "GET / HTTP/1.1", upstream: "fastcgi://172.23.0.2:9000", host: "localhost:8000"
2022/06/26 13:28:34 [notice] 1#1: signal 3 (SIGQUIT) received, shutting down
2022/06/26 13:28:34 [notice] 34#34: gracefully shutting down
2022/06/26 13:28:34 [notice] 33#33: gracefully shutting down
2022/06/26 13:28:34 [notice] 33#33: exiting
2022/06/26 13:28:34 [notice] 35#35: gracefully shutting down
2022/06/26 13:28:34 [notice] 32#32: gracefully shutting down
2022/06/26 13:28:34 [notice] 34#34: exiting
2022/06/26 13:28:34 [notice] 33#33: exit
2022/06/26 13:28:34 [notice] 35#35: exiting
2022/06/26 13:28:34 [notice] 32#32: exiting
2022/06/26 13:28:34 [notice] 34#34: exit
2022/06/26 13:28:34 [notice] 35#35: exit
2022/06/26 13:28:34 [notice] 32#32: exit
2022/06/26 13:28:34 [notice] 1#1: signal 17 (SIGCHLD) received from 35
2022/06/26 13:28:34 [notice] 1#1: worker process 35 exited with code 0
2022/06/26 13:28:34 [notice] 1#1: worker process 33 exited with code 0
2022/06/26 13:28:34 [notice] 1#1: signal 29 (SIGIO) received
2022/06/26 13:28:34 [notice] 1#1: signal 17 (SIGCHLD) received from 33
2022/06/26 13:28:34 [notice] 1#1: worker process 32 exited with code 0
2022/06/26 13:28:34 [notice] 1#1: worker process 34 exited with code 0
2022/06/26 13:28:34 [notice] 1#1: exit
2022/06/26 13:30:02 [notice] 1#1: using the "epoll" event method
2022/06/26 13:30:02 [notice] 1#1: nginx/1.20.2
2022/06/26 13:30:02 [notice] 1#1: built by gcc 10.3.1 20210424 (Alpine 10.3.1_git20210424) 
2022/06/26 13:30:02 [notice] 1#1: OS: Linux 5.10.104-linuxkit
2022/06/26 13:30:02 [notice] 1#1: getrlimit(RLIMIT_NOFILE): 1048576:1048576
2022/06/26 13:30:02 [notice] 1#1: start worker processes
2022/06/26 13:30:02 [notice] 1#1: start worker process 33
2022/06/26 13:30:02 [notice] 1#1: start worker process 34
2022/06/26 13:30:02 [notice] 1#1: start worker process 35
2022/06/26 13:30:02 [notice] 1#1: start worker process 36
2022/06/26 13:32:57 [notice] 1#1: signal 3 (SIGQUIT) received, shutting down
2022/06/26 13:32:57 [notice] 35#35: gracefully shutting down
2022/06/26 13:32:57 [notice] 35#35: exiting
2022/06/26 13:32:57 [notice] 34#34: gracefully shutting down
2022/06/26 13:32:57 [notice] 34#34: exiting
2022/06/26 13:32:57 [notice] 36#36: gracefully shutting down
2022/06/26 13:32:57 [notice] 36#36: exiting
2022/06/26 13:32:57 [notice] 33#33: gracefully shutting down
2022/06/26 13:32:57 [notice] 33#33: exiting
2022/06/26 13:32:57 [notice] 35#35: exit
2022/06/26 13:32:57 [notice] 34#34: exit
2022/06/26 13:32:57 [notice] 36#36: exit
2022/06/26 13:32:57 [notice] 33#33: exit
2022/06/26 13:32:57 [notice] 1#1: signal 17 (SIGCHLD) received from 34
2022/06/26 13:32:57 [notice] 1#1: worker process 34 exited with code 0
2022/06/26 13:32:57 [notice] 1#1: worker process 35 exited with code 0
2022/06/26 13:32:57 [notice] 1#1: signal 29 (SIGIO) received
2022/06/26 13:32:57 [notice] 1#1: signal 17 (SIGCHLD) received from 36
2022/06/26 13:32:57 [notice] 1#1: worker process 33 exited with code 0
2022/06/26 13:32:57 [notice] 1#1: worker process 36 exited with code 0
2022/06/26 13:32:57 [notice] 1#1: exit
2022/06/26 13:35:41 [notice] 1#1: using the "epoll" event method
2022/06/26 13:35:41 [notice] 1#1: nginx/1.20.2
2022/06/26 13:35:41 [notice] 1#1: built by gcc 10.3.1 20210424 (Alpine 10.3.1_git20210424) 
2022/06/26 13:35:41 [notice] 1#1: OS: Linux 5.10.104-linuxkit
2022/06/26 13:35:41 [notice] 1#1: getrlimit(RLIMIT_NOFILE): 1048576:1048576
2022/06/26 13:35:41 [notice] 1#1: start worker processes
2022/06/26 13:35:41 [notice] 1#1: start worker process 31
2022/06/26 13:35:41 [notice] 1#1: start worker process 32
2022/06/26 13:35:41 [notice] 1#1: start worker process 33
2022/06/26 13:35:41 [notice] 1#1: start worker process 34
2022/06/26 13:40:30 [notice] 1#1: signal 3 (SIGQUIT) received, shutting down
2022/06/26 13:40:30 [notice] 32#32: gracefully shutting down
2022/06/26 13:40:30 [notice] 33#33: gracefully shutting down
2022/06/26 13:40:30 [notice] 33#33: exiting
2022/06/26 13:40:30 [notice] 31#31: gracefully shutting down
2022/06/26 13:40:30 [notice] 31#31: exiting
2022/06/26 13:40:30 [notice] 34#34: gracefully shutting down
2022/06/26 13:40:30 [notice] 33#33: exit
2022/06/26 13:40:30 [notice] 31#31: exit
2022/06/26 13:40:30 [notice] 34#34: exiting
2022/06/26 13:40:30 [notice] 34#34: exit
2022/06/26 13:40:30 [notice] 1#1: signal 17 (SIGCHLD) received from 31
2022/06/26 13:40:30 [notice] 1#1: worker process 31 exited with code 0
2022/06/26 13:40:30 [notice] 1#1: worker process 33 exited with code 0
2022/06/26 13:40:30 [notice] 1#1: worker process 34 exited with code 0
2022/06/26 13:40:30 [notice] 1#1: signal 29 (SIGIO) received
2022/06/26 13:54:34 [notice] 1#1: using the "epoll" event method
2022/06/26 13:54:34 [notice] 1#1: nginx/1.20.2
2022/06/26 13:54:34 [notice] 1#1: built by gcc 10.3.1 20210424 (Alpine 10.3.1_git20210424) 
2022/06/26 13:54:34 [notice] 1#1: OS: Linux 5.10.104-linuxkit
2022/06/26 13:54:34 [notice] 1#1: getrlimit(RLIMIT_NOFILE): 1048576:1048576
2022/06/26 13:54:34 [notice] 1#1: start worker processes
2022/06/26 13:54:34 [notice] 1#1: start worker process 33
2022/06/26 13:54:34 [notice] 1#1: start worker process 34
2022/06/26 13:54:34 [notice] 1#1: start worker process 35
2022/06/26 13:54:34 [notice] 1#1: start worker process 36
2022/06/26 14:07:53 [notice] 1#1: signal 3 (SIGQUIT) received, shutting down
2022/06/26 14:07:53 [notice] 33#33: gracefully shutting down
2022/06/26 14:07:53 [notice] 34#34: gracefully shutting down
2022/06/26 14:07:53 [notice] 36#36: gracefully shutting down
2022/06/26 14:07:53 [notice] 35#35: gracefully shutting down
2022/06/26 14:07:53 [notice] 33#33: exiting
2022/06/26 14:07:53 [notice] 33#33: exit
2022/06/26 14:07:53 [notice] 34#34: exiting
2022/06/26 14:07:53 [notice] 36#36: exiting
2022/06/26 14:07:53 [notice] 35#35: exiting
2022/06/26 14:07:53 [notice] 34#34: exit
2022/06/26 14:07:53 [notice] 36#36: exit
2022/06/26 14:07:53 [notice] 35#35: exit
2022/06/26 14:07:53 [notice] 1#1: signal 17 (SIGCHLD) received from 33
2022/06/26 14:07:53 [notice] 1#1: worker process 33 exited with code 0
2022/06/26 14:07:53 [notice] 1#1: signal 29 (SIGIO) received
2022/06/26 14:07:53 [notice] 1#1: signal 17 (SIGCHLD) received from 34
2022/06/26 14:07:53 [notice] 1#1: worker process 34 exited with code 0
2022/06/26 14:07:53 [notice] 1#1: signal 29 (SIGIO) received
2022/06/26 14:07:53 [notice] 1#1: signal 17 (SIGCHLD) received from 35
2022/06/26 14:07:53 [notice] 1#1: worker process 35 exited with code 0
2022/06/26 14:07:53 [notice] 1#1: worker process 36 exited with code 0
2022/06/26 14:07:53 [notice] 1#1: exit
2022/06/26 14:08:08 [notice] 1#1: using the "epoll" event method
2022/06/26 14:08:08 [notice] 1#1: nginx/1.20.2
2022/06/26 14:08:08 [notice] 1#1: built by gcc 10.3.1 20210424 (Alpine 10.3.1_git20210424) 
2022/06/26 14:08:08 [notice] 1#1: OS: Linux 5.10.104-linuxkit
2022/06/26 14:08:08 [notice] 1#1: getrlimit(RLIMIT_NOFILE): 1048576:1048576
2022/06/26 14:08:08 [notice] 1#1: start worker processes
2022/06/26 14:08:08 [notice] 1#1: start worker process 32
2022/06/26 14:08:08 [notice] 1#1: start worker process 33
2022/06/26 14:08:08 [notice] 1#1: start worker process 34
2022/06/26 14:08:08 [notice] 1#1: start worker process 35
2022/06/26 14:11:45 [notice] 1#1: signal 3 (SIGQUIT) received, shutting down
2022/06/26 14:11:45 [notice] 32#32: gracefully shutting down
2022/06/26 14:11:45 [notice] 34#34: gracefully shutting down
2022/06/26 14:11:45 [notice] 33#33: gracefully shutting down
2022/06/26 14:11:45 [notice] 33#33: exiting
2022/06/26 14:11:45 [notice] 35#35: gracefully shutting down
2022/06/26 14:11:45 [notice] 35#35: exiting
2022/06/26 14:11:45 [notice] 34#34: exiting
2022/06/26 14:11:45 [notice] 34#34: exit
2022/06/26 14:11:45 [notice] 33#33: exit
2022/06/26 14:11:45 [notice] 35#35: exit
2022/06/26 14:11:45 [notice] 1#1: signal 17 (SIGCHLD) received from 34
2022/06/26 14:11:45 [notice] 1#1: worker process 34 exited with code 0
2022/06/26 14:11:45 [notice] 1#1: signal 29 (SIGIO) received
2022/06/26 14:11:45 [notice] 1#1: signal 17 (SIGCHLD) received from 35
2022/06/26 14:11:45 [notice] 1#1: worker process 33 exited with code 0
2022/06/26 14:11:45 [notice] 1#1: worker process 35 exited with code 0
2022/06/26 14:11:45 [notice] 1#1: signal 29 (SIGIO) received
